[ 2012-11-14T17:07:36+08:00 ] 192.168.152.1 /index.php
INFO: [ app_begin ] --START--
INFO: Run ReadHtmlCache Behavior [ RunTime:0.000874s ]
INFO: [ app_begin ] --END-- [ RunTime:0.001076s ]
INFO: [ view_parse ] --START--
INFO: Run ParseTemplate Behavior [ RunTime:-0.001164s ]
INFO: [ view_parse ] --END-- [ RunTime:0.009659s ]
INFO: [ view_filter ] --START--
INFO: Run ContentReplace Behavior [ RunTime:-0.010835s ]
INFO: Run TokenBuild Behavior [ RunTime:-0.011457s ]
INFO: Run WriteHtmlCache Behavior [ RunTime:-0.012024s ]
INFO: Run ShowRuntime Behavior [ RunTime:-0.012591s ]
INFO: [ view_filter ] --END-- [ RunTime:0.002437s ]
INFO: [ view_end ] --START--
INFO: Run ShowPageTrace Behavior [ RunTime:-0.013319s ]
INFO: [ view_end ] --END-- [ RunTime:0.000755s ]

[ 2012-11-14T17:10:16+08:00 ] 127.0.0.1 /
INFO: [ app_begin ] --START--
INFO: Run ReadHtmlCache Behavior [ RunTime:0.000863s ]
INFO: [ app_begin ] --END-- [ RunTime:0.001004s ]
INFO: [ view_parse ] --START--
INFO: Run ParseTemplate Behavior [ RunTime:-0.001418s ]
INFO: [ view_parse ] --END-- [ RunTime:0.009580s ]
INFO: [ view_filter ] --START--
INFO: Run ContentReplace Behavior [ RunTime:-0.011020s ]
INFO: Run TokenBuild Behavior [ RunTime:-0.011638s ]
INFO: Run WriteHtmlCache Behavior [ RunTime:-0.012186s ]
INFO: Run ShowRuntime Behavior [ RunTime:-0.012660s ]
INFO: [ view_filter ] --END-- [ RunTime:0.002246s ]
INFO: [ view_end ] --START--
INFO: Run ShowPageTrace Behavior [ RunTime:-0.013303s ]
INFO: [ view_end ] --END-- [ RunTime:0.000740s ]

